<?xml version="1.0" encoding="UTF-8"?>
<!-- Generated by org.testng.reporters.JUnitReportReporter -->
<testsuite hostname="DESKTOP-1NP4R5L" failures="0" tests="3" name="TestNGtestsuite.FirstTestng" time="0.105" errors="0" timestamp="2024-04-12T19:12:09 IST" skipped="0">
  <testcase classname="TestNGtestsuite.FirstTestng" name="close" time="0.077"/>
  <system-out/>
  <testcase classname="TestNGtestsuite.FirstTestng" name="login" time="0.022"/>
  <system-out/>
  <testcase classname="TestNGtestsuite.FirstTestng" name="test1" time="0.006"/>
  <system-out/>
</testsuite> <!-- TestNGtestsuite.FirstTestng -->
