<?xml version="1.0" encoding="UTF-8"?>
<!-- Generated by org.testng.reporters.JUnitReportReporter -->
<testsuite hostname="DESKTOP-1NP4R5L" failures="0" tests="1" name="TestNGtestsuite.SecondTestNG" time="43.724" errors="0" timestamp="2024-04-12T19:49:17 IST" skipped="0">
  <testcase classname="TestNGtestsuite.SecondTestNG" name="OpenApp" time="43.724"/>
  <system-out/>
</testsuite> <!-- TestNGtestsuite.SecondTestNG -->
